Arguments: 
  C:\Program Files\nodejs\node.exe C:\Program Files (x86)\Yarn\bin\yarn.js add graphql-yaga

PATH: 
  C:\Program Files (x86)\Common Files\Oracle\Java\javapath;C:\WINDOWS\system32;C:\WINDOWS;C:\WINDOWS\System32\Wbem;C:\WINDOWS\System32\WindowsPowerShell\v1.0\;C:\Program Files\dotnet\;C:\WINDOWS\System32\OpenSSH\;C:\Program Files\Java\jdk1.8.0_161;C:\Users\owner\Documents\apache-tomcat-9.0.8-windows-x64\apache-tomcat-9.0.8;C:\Users\owner\Documents\apache-tomcat-9.0.8-windows-x64\apache-tomcat-9.0.8\lib;C:\Users\owner\Documents\apache-tomcat-9.0.8-windows-x64\apache-tomcat-9.0.8\bin;C:\Program Files (x86)\IVI Foundation\VISA\WinNT\Bin\;C:\Program Files\IVI Foundation\VISA\Win64\Bin\;C:\Program Files (x86)\IVI Foundation\VISA\WinNT\Bin;C:\Program Files\nodejs\;C:\Program Files (x86)\Yarn\bin\;C:\Program Files\Git\cmd;C:\Users\owner\AppData\Local\Microsoft\WindowsApps;C:\Users\owner\AppData\Local\Programs\Microsoft VS Code\bin;C:\Users\owner\AppData\Local\GitHubDesktop\bin;C:\Users\owner\AppData\Roaming\npm;C:\Users\owner\AppData\Local\Yarn\bin

Yarn version: 
  1.17.3

Node version: 
  10.16.0

Platform: 
  win32 x64

Trace: 
  Error: https://registry.yarnpkg.com/graphql-yaga: Not found
      at Request.params.callback [as _callback] (C:\Program Files (x86)\Yarn\lib\cli.js:65939:18)
      at Request.self.callback (C:\Program Files (x86)\Yarn\lib\cli.js:140464:22)
      at Request.emit (events.js:198:13)
      at Request.<anonymous> (C:\Program Files (x86)\Yarn\lib\cli.js:141436:10)
      at Request.emit (events.js:198:13)
      at IncomingMessage.<anonymous> (C:\Program Files (x86)\Yarn\lib\cli.js:141358:12)
      at Object.onceWrapper (events.js:286:20)
      at IncomingMessage.emit (events.js:203:15)
      at endReadableNT (_stream_readable.js:1129:12)
      at process._tickCallback (internal/process/next_tick.js:63:19)

npm manifest: 
  {
    "name": "movieql",
    "version": "1.0.0",
    "description": "Movie API with Graphql",
    "main": "index.js",
    "repository": "https://github.com/SeonghaHan/movieql",
    "author": "SeonghaHan",
    "license": "MIT"
  }

yarn manifest: 
  No manifest

Lockfile: 
  No lockfile
